λ  WARN  props.pointerEvents is deprecated. Use style.pointerEvents 
  console.warn (C:\Users\wende\wise\node_modules\expo\node_modules\@expo\cli\src\start\server\serverLogLikeMetro.ts:161:21)
  warnOnce (C:\Users\wende\wise\node_modules\react-native-web\dist\modules\warnOnce\index.js:24:13)
  createDOMProps (C:\Users\wende\wise\node_modules\react-native-web\dist\modules\createDOMProps\index.js:805:13)
  createElement (C:\Users\wende\wise\node_modules\react-native-web\dist\exports\createElement\index.js:23:32)
  Component (C:\Users\wende\wise\node_modules\react-native-web\dist\exports\View\index.js:111:23)
  Object.callComponentInDEV [as react-stack-bottom-frame] (C:\Users\wende\wise\node_modules\react-dom\cjs\react-dom-server-legacy.node.development.js:8970:18)
  renderWithHooks (C:\Users\wende\wise\node_modules\react-dom\cjs\react-dom-server-legacy.node.development.js:4699:19)
  run (C:\Users\wende\wise\node_modules\react-dom\cjs\react-dom-server-legacy.node.development.js:5539:39)
  retryNode (C:\Users\wende\wise\node_modules\react-dom\cjs\react-dom-server-legacy.node.development.js:5899:31)
  renderNodeDestructive (C:\Users\wende\wise\node_modules\react-dom\cjs\react-dom-server-legacy.node.development.js:5849:11)
λ  WARN  props.pointerEvents is deprecated. Use style.pointerEvents 
  console.warn (C:\Users\wende\wise\node_modules\expo\node_modules\@expo\cli\src\start\server\serverLogLikeMetro.ts:161:21)
  warnOnce (C:\Users\wende\wise\node_modules\react-native-web\dist\modules\warnOnce\index.js:24:13)
  createDOMProps (C:\Users\wende\wise\node_modules\react-native-web\dist\modules\createDOMProps\index.js:805:13)
  createElement (C:\Users\wende\wise\node_modules\react-native-web\dist\exports\createElement\index.js:23:32)
  View (C:\Users\wende\wise\node_modules\react-native-web\dist\exports\View\index.js:111:23)
  Object.react-stack-bottom-frame (C:\Users\wende\wise\node_modules\react-dom\cjs\react-dom-server-legacy.node.development.js:8971:9)
  request (C:\Users\wende\wise\node_modules\react-dom\cjs\react-dom-server-legacy.node.development.js:4710:22)
  renderElement (C:\Users\wende\wise\node_modules\react-dom\cjs\react-dom-server-legacy.node.development.js:5548:17)
  retryNode (C:\Users\wende\wise\node_modules\react-dom\cjs\react-dom-server-legacy.node.development.js:5911:15)
  renderNodeDestructive (C:\Users\wende\wise\node_modules\react-dom\cjs\react-dom-server-legacy.node.development.js:5852:5)
λ  WARN  props.pointerEvents is deprecated. Use style.pointerEvents 
  console.warn (C:\Users\wende\wise\node_modules\expo\node_modules\@expo\cli\src\start\server\serverLogLikeMetro.ts:161:21)
  warnOnce (C:\Users\wende\wise\node_modules\react-native-web\dist\modules\warnOnce\index.js:24:13)
  createDOMProps (C:\Users\wende\wise\node_modules\react-native-web\dist\modules\createDOMProps\index.js:805:13)
  createElement (C:\Users\wende\wise\node_modules\react-native-web\dist\exports\createElement\index.js:23:32)
  View (C:\Users\wende\wise\node_modules\react-native-web\dist\exports\View\index.js:111:23)
  Object.react-stack-bottom-frame (C:\Users\wende\wise\node_modules\react-dom\cjs\react-dom-server-legacy.node.development.js:8971:9)
  request (C:\Users\wende\wise\node_modules\react-dom\cjs\react-dom-server-legacy.node.development.js:4710:22)
  renderElement (C:\Users\wende\wise\node_modules\react-dom\cjs\react-dom-server-legacy.node.development.js:5548:17)
  retryNode (C:\Users\wende\wise\node_modules\react-dom\cjs\react-dom-server-legacy.node.development.js:5911:15)
  renderNodeDestructive (C:\Users\wende\wise\node_modules\react-dom\cjs\react-dom-server-legacy.node.development.js:5852:5)
λ  WARN  props.pointerEvents is deprecated. Use style.pointerEvents 
  console.warn (C:\Users\wende\wise\node_modules\expo\node_modules\@expo\cli\src\start\server\serverLogLikeMetro.ts:161:21)
  warnOnce (C:\Users\wende\wise\node_modules\react-native-web\dist\modules\warnOnce\index.js:24:13)
  createDOMProps (C:\Users\wende\wise\node_modules\react-native-web\dist\modules\createDOMProps\index.js:805:13)
  createElement (C:\Users\wende\wise\node_modules\react-native-web\dist\exports\createElement\index.js:23:32)
  View (C:\Users\wende\wise\node_modules\react-native-web\dist\exports\View\index.js:111:23)
  Object.react-stack-bottom-frame (C:\Users\wende\wise\node_modules\react-dom\cjs\react-dom-server-legacy.node.development.js:8971:9)
  request (C:\Users\wende\wise\node_modules\react-dom\cjs\react-dom-server-legacy.node.development.js:4710:22)
  renderElement (C:\Users\wende\wise\node_modules\react-dom\cjs\react-dom-server-legacy.node.development.js:5548:17)
  retryNode (C:\Users\wende\wise\node_modules\react-dom\cjs\react-dom-server-legacy.node.development.js:5911:15)
  renderNodeDestructive (C:\Users\wende\wise\node_modules\react-dom\cjs\react-dom-server-legacy.node.development.js:5852:5)
λ  WARN  props.pointerEvents is deprecated. Use style.pointerEvents 
  console.warn (C:\Users\wende\wise\node_modules\expo\node_modules\@expo\cli\src\start\server\serverLogLikeMetro.ts:161:21)
  warnOnce (C:\Users\wende\wise\node_modules\react-native-web\dist\modules\warnOnce\index.js:24:13)
  createDOMProps (C:\Users\wende\wise\node_modules\react-native-web\dist\modules\createDOMProps\index.js:805:13)
  createElement (C:\Users\wende\wise\node_modules\react-native-web\dist\exports\createElement\index.js:23:32)
  lastResetTime (C:\Users\wende\wise\node_modules\react-native-web\dist\exports\View\index.js:111:23)
  Object.actionStateCount [as react-stack-bottom-frame] (C:\Users\wende\wise\node_modules\react-dom\cjs\react-dom-server-legacy.node.development.js:8989:7)
  renderWithHooks (C:\Users\wende\wise\node_modules\react-dom\cjs\react-dom-server-legacy.node.development.js:4744:22)
  didWarnAboutGenerators (C:\Users\wende\wise\node_modules\react-dom\cjs\react-dom-server-legacy.node.development.js:5576:27)
  retryNode (C:\Users\wende\wise\node_modules\react-dom\cjs\react-dom-server-legacy.node.development.js:5942:17)
  renderNodeDestructive (C:\Users\wende\wise\node_modules\react-dom\cjs\react-dom-server-legacy.node.development.js:5868:54)
λ  WARN  props.pointerEvents is deprecated. Use style.pointerEvents 
  console.warn (C:\Users\wende\wise\node_modules\expo\node_modules\@expo\cli\src\start\server\serverLogLikeMetro.ts:161:21)
  warnOnce (C:\Users\wende\wise\node_modules\react-native-web\dist\modules\warnOnce\index.js:24:13)
  createDOMProps (C:\Users\wende\wise\node_modules\react-native-web\dist\modules\createDOMProps\index.js:805:13)
  createElement (C:\Users\wende\wise\node_modules\react-native-web\dist\exports\createElement\index.js:23:32)
  View (C:\Users\wende\wise\node_modules\react-native-web\dist\exports\View\index.js:111:23)
  Object.react-stack-bottom-frame (C:\Users\wende\wise\node_modules\react-dom\cjs\react-dom-server.node.development.js:75:5)
  fallback (C:\Users\wende\wise\node_modules\react-dom\cjs\react-dom-server-legacy.node.development.js:5057:21)
  renderElement (C:\Users\wende\wise\node_modules\react-dom\cjs\react-dom-server-legacy.node.development.js:5759:34)
  retryNode (C:\Users\wende\wise\node_modules\react-dom\cjs\react-dom-server-legacy.node.development.js:6178:45)
  renderNodeDestructive (C:\Users\wende\wise\node_modules\react-dom\cjs\react-dom-server-legacy.node.development.js:6140:38)
λ  WARN  props.pointerEvents is deprecated. Use style.pointerEvents 
  console.warn (C:\Users\wende\wise\node_modules\expo\node_modules\@expo\cli\src\start\server\serverLogLikeMetro.ts:161:21)
  warnOnce (C:\Users\wende\wise\node_modules\react-native-web\dist\modules\warnOnce\index.js:24:13)
  createDOMProps (C:\Users\wende\wise\node_modules\react-native-web\dist\modules\createDOMProps\index.js:805:13)
  createElement (C:\Users\wende\wise\node_modules\react-native-web\dist\exports\createElement\index.js:23:32)
  View (C:\Users\wende\wise\node_modules\react-native-web\dist\exports\View\index.js:111:23)
  Object.request [as react-stack-bottom-frame] (C:\Users\wende\wise\node_modules\react-dom\cjs\react-dom-server.node.development.js:540:18)
  renderWithHooks (C:\Users\wende\wise\node_modules\react-dom\cjs\react-dom-server-legacy.node.development.js:5401:17)
  renderElement (C:\Users\wende\wise\node_modules\react-dom\cjs\react-dom-server-legacy.node.development.js:6170:34)
  retryNode (C:\Users\wende\wise\node_modules\react-dom\cjs\react-dom-server-legacy.node.development.js:6495:52)
  renderNodeDestructive (C:\Users\wende\wise\node_modules\react-dom\cjs\react-dom-server-legacy.node.development.js:6464:37)
