
> navega@1.0.0 web
> expo start --web --port 8082

env: load .env
env: export EXPO_PUBLIC_SUPABASE_URL EXPO_PUBLIC_SUPABASE_ANON_KEY EXPO_PUBLIC_API_URL
Starting project at C:\Users\wende\wise
React Compiler enabled
Starting Metro Bundler
Waiting on http://localhost:8082
Logs for your project will appear below.
λ Bundled 2122ms node_modules\expo-router\node\render.js (1766 modules)
Web node_modules\expo-router\entry.js ▓▓▓▓▓▓▓▓▓▓▓▓░░░░ 75.8% (1307/1502)
λ node_modules\expo-router\node\render.js ▓▓▓▓▓▓▓▓▓▓▓▓▓▓▓░ 99.3% (1760/1766)
Web Bundled 3088ms node_modules\expo-router\entry.js (1502 modules)
Web Bundled 713ms node_modules\expo-router\entry.js (1539 modules)
 LOG  [web] Logs will appear in the browser console
Web node_modules\expo-router\entry.js ░░░░░░░░░░░░░░░░  0.0% (0/1)
λ Bundled 40ms node_modules\expo-router\node\render.js (1 module)
Web Bundled 702ms node_modules\expo-router\entry.js (1 module)
Web Bundled 55ms node_modules\expo-router\entry.js (1 module)
 LOG  [web] Logs will appear in the browser console
Web node_modules\expo-router\entry.js ░░░░░░░░░░░░░░░░  0.0% (0/1)
λ Bundled 53ms node_modules\expo-router\node\render.js (1 module)
Web Bundled 830ms node_modules\expo-router\entry.js (1 module)
Web Bundled 71ms node_modules\expo-router\entry.js (1 module)
 LOG  [web] Logs will appear in the browser console
Web node_modules\expo-router\entry.js ░░░░░░░░░░░░░░░░  0.0% (0/1)
λ Bundled 32ms node_modules\expo-router\node\render.js (1 module)
Web Bundled 666ms node_modules\expo-router\entry.js (1 module)
Web node_modules\expo-router\entry.js ░░░░░░░░░░░░░░░░  0.0% (0/1)
λ Bundled 78ms node_modules\expo-router\node\render.js (1 module)
Web Bundled 1061ms node_modules\expo-router\entry.js (1 module)
Web Bundled 31ms node_modules\expo-router\entry.js (1 module)
 LOG  [web] Logs will appear in the browser console
Web node_modules\expo-router\entry.js ░░░░░░░░░░░░░░░░  0.0% (0/1)
λ Bundled 54ms node_modules\expo-router\node\render.js (1 module)
Web Bundled 806ms node_modules\expo-router\entry.js (1 module)
Web Bundled 64ms node_modules\expo-router\entry.js (1 module)
 LOG  [web] Logs will appear in the browser console
Web node_modules\expo-router\entry.js ░░░░░░░░░░░░░░░░  0.0% (0/1)
Web Bundled 391ms node_modules\expo-router\entry.js (1 module)
λ Bundled 462ms node_modules\expo-router\node\render.js (1 module)
Web node_modules\expo-router\entry.js ░░░░░░░░░░░░░░░░  0.0% (0/1)
λ Bundled 38ms node_modules\expo-router\node\render.js (1 module)
Web Bundled 1818ms node_modules\expo-router\entry.js (1 module)
Web Bundled 38ms node_modules\expo-router\entry.js (1 module)
 LOG  [web] Logs will appear in the browser console
Web node_modules\expo-router\entry.js ░░░░░░░░░░░░░░░░  0.0% (0/1)
λ Bundled 68ms node_modules\expo-router\node\render.js (1 module)
Web Bundled 816ms node_modules\expo-router\entry.js (1 module)
Web Bundled 74ms node_modules\expo-router\entry.js (1 module)
 LOG  [web] Logs will appear in the browser console
Web node_modules\expo-router\entry.js ░░░░░░░░░░░░░░░░  0.0% (0/1)
λ Bundled 54ms node_modules\expo-router\node\render.js (1 module)
Web Bundled 795ms node_modules\expo-router\entry.js (1 module)
Web Bundled 64ms node_modules\expo-router\entry.js (1 module)
 LOG  [web] Logs will appear in the browser console
Web node_modules\expo-router\entry.js ░░░░░░░░░░░░░░░░  0.0% (0/1)
λ Bundled 146ms node_modules\expo-router\node\render.js (1 module)
Web Bundled 1218ms node_modules\expo-router\entry.js (1 module)
Web Bundled 63ms node_modules\expo-router\entry.js (1 module)
 LOG  [web] Logs will appear in the browser console
Web node_modules\expo-router\entry.js ░░░░░░░░░░░░░░░░  0.0% (0/1)
λ Bundled 140ms node_modules\expo-router\node\render.js (1 module)
Web Bundled 1293ms node_modules\expo-router\entry.js (1 module)
Web Bundled 49ms node_modules\expo-router\entry.js (1 module)
 LOG  [web] Logs will appear in the browser console
Web node_modules\expo-router\entry.js ░░░░░░░░░░░░░░░░  0.0% (0/1)
λ Bundled 65ms node_modules\expo-router\node\render.js (1 module)
Web Bundled 937ms node_modules\expo-router\entry.js (1 module)
Web Bundled 74ms node_modules\expo-router\entry.js (1 module)
 LOG  [web] Logs will appear in the browser console
Web node_modules\expo-router\entry.js ░░░░░░░░░░░░░░░░  0.0% (0/1)
λ Bundled 93ms node_modules\expo-router\node\render.js (1 module)
Web Bundled 1575ms node_modules\expo-router\entry.js (1 module)
Web Bundled 73ms node_modules\expo-router\entry.js (1 module)
 LOG  [web] Logs will appear in the browser console
Web node_modules\expo-router\entry.js ░░░░░░░░░░░░░░░░  0.0% (0/1)
λ Bundled 58ms node_modules\expo-router\node\render.js (1 module)
Web Bundled 951ms node_modules\expo-router\entry.js (1 module)
Web Bundled 79ms node_modules\expo-router\entry.js (1 module)
 LOG  [web] Logs will appear in the browser console
Web node_modules\expo-router\entry.js ░░░░░░░░░░░░░░░░  0.0% (0/1)
λ Bundled 94ms node_modules\expo-router\node\render.js (1 module)
Web Bundled 1112ms node_modules\expo-router\entry.js (1 module)
Web Bundled 67ms node_modules\expo-router\entry.js (1 module)
 LOG  [web] Logs will appear in the browser console
Web node_modules\expo-router\entry.js ░░░░░░░░░░░░░░░░  0.0% (0/1)
λ Bundled 129ms node_modules\expo-router\node\render.js (1 module)
Web node_modules\expo-router\entry.js ░░░░░░░░░░░░░░░░  0.0% (0/1)
Web Bundled 4153ms node_modules\expo-router\entry.js (1 module)
Web node_modules\expo-router\entry.js ░░░░░░░░░░░░░░░░  0.0% (0/1)
Web Bundled 63ms node_modules\expo-router\entry.js (1 module)
 LOG  [web] Logs will appear in the browser console
Web node_modules\expo-router\entry.js ░░░░░░░░░░░░░░░░  0.0% (0/1)
λ Bundled 65ms node_modules\expo-router\node\render.js (1 module)
Web Bundled 978ms node_modules\expo-router\entry.js (1 module)
Web Bundled 71ms node_modules\expo-router\entry.js (1 module)
 LOG  [web] Logs will appear in the browser console
Web node_modules\expo-router\entry.js ░░░░░░░░░░░░░░░░  0.0% (0/1)
λ Bundled 170ms node_modules\expo-router\node\render.js (1 module)
Web Bundled 1517ms node_modules\expo-router\entry.js (1 module)
Web Bundled 53ms node_modules\expo-router\entry.js (1 module)
 LOG  [web] Logs will appear in the browser console
Web node_modules\expo-router\entry.js ░░░░░░░░░░░░░░░░  0.0% (0/1)
λ Bundled 63ms node_modules\expo-router\node\render.js (1 module)
Web Bundled 1126ms node_modules\expo-router\entry.js (1 module)
Web Bundled 76ms node_modules\expo-router\entry.js (1 module)
 LOG  [web] Logs will appear in the browser console
Web node_modules\expo-router\entry.js ░░░░░░░░░░░░░░░░  0.0% (0/1)
λ Bundled 129ms node_modules\expo-router\node\render.js (1 module)
Web Bundled 1992ms node_modules\expo-router\entry.js (1 module)
Web Bundled 114ms node_modules\expo-router\entry.js (1 module)
 LOG  [web] Logs will appear in the browser console
Web node_modules\expo-router\entry.js ░░░░░░░░░░░░░░░░  0.0% (0/1)
λ Bundled 107ms node_modules\expo-router\node\render.js (1 module)
Web Bundled 1972ms node_modules\expo-router\entry.js (1 module)
Web Bundled 118ms node_modules\expo-router\entry.js (1 module)
 LOG  [web] Logs will appear in the browser console
Web node_modules\expo-router\entry.js ░░░░░░░░░░░░░░░░  0.0% (0/1)
λ Bundled 103ms node_modules\expo-router\node\render.js (1 module)
Web node_modules\expo-router\entry.js ░░░░░░░░░░░░░░░░  0.0% (0/1)
Web Bundled 3635ms node_modules\expo-router\entry.js (1 module)
Web Bundled 41ms node_modules\expo-router\entry.js (1 module)
 LOG  [web] Logs will appear in the browser console
Web node_modules\expo-router\entry.js ░░░░░░░░░░░░░░░░  0.0% (0/1)
λ Bundled 52ms node_modules\expo-router\node\render.js (1 module)
Web Bundled 904ms node_modules\expo-router\entry.js (1 module)
Web node_modules\expo-router\entry.js ░░░░░░░░░░░░░░░░  0.0% (0/1)
λ Bundled 410ms node_modules\expo-router\node\render.js (1 module)
Web Bundled 1546ms node_modules\expo-router\entry.js (1 module)
Web Bundled 50ms node_modules\expo-router\entry.js (1 module)
λ Bundled 88ms node_modules\expo-router\node\render.js (1 module)
Web Bundled 1210ms node_modules\expo-router\entry.js (1 module)
 LOG  [web] Logs will appear in the browser console
Web node_modules\expo-router\entry.js ░░░░░░░░░░░░░░░░  0.0% (0/1)
λ Bundled 573ms node_modules\expo-router\node\render.js (1 module)
Web Bundled 2163ms node_modules\expo-router\entry.js (1 module)
Web Bundled 65ms node_modules\expo-router\entry.js (1 module)
λ Bundled 71ms node_modules\expo-router\node\render.js (1 module)
Web Bundled 929ms node_modules\expo-router\entry.js (1 module)
 LOG  [web] Logs will appear in the browser console
Web node_modules\expo-router\entry.js ░░░░░░░░░░░░░░░░  0.0% (0/1)
λ Bundled 62ms node_modules\expo-router\node\render.js (1 module)
Web Bundled 516ms node_modules\expo-router\entry.js (1 module)
Web node_modules\expo-router\entry.js ░░░░░░░░░░░░░░░░  0.0% (0/1)
Web Bundled 295ms node_modules\expo-router\entry.js (1 module)
λ Bundled 342ms node_modules\expo-router\node\render.js (1 module)
Web node_modules\expo-router\entry.js ░░░░░░░░░░░░░░░░  0.0% (0/1)
λ Bundled 428ms node_modules\expo-router\node\render.js (1 module)
Web Bundled 1184ms node_modules\expo-router\entry.js (1 module)
Web node_modules\expo-router\entry.js ░░░░░░░░░░░░░░░░  0.0% (0/1)
λ Bundled 78ms node_modules\expo-router\node\render.js (1 module)
Web Bundled 795ms node_modules\expo-router\entry.js (1 module)
Web Bundled 68ms node_modules\expo-router\entry.js (1 module)
 LOG  [web] Logs will appear in the browser console
λ Bundled 42ms node_modules\expo-router\node\render.js (1 module)
Web Bundled 554ms node_modules\expo-router\entry.js (1 module)
Web Bundled 28ms node_modules\expo-router\entry.js (1 module)
 LOG  [web] Logs will appear in the browser console
Web node_modules\expo-router\entry.js ░░░░░░░░░░░░░░░░  0.0% (0/1)
λ Bundled 308ms node_modules\expo-router\node\render.js (1 module)
Web Bundled 1383ms node_modules\expo-router\entry.js (1 module)
Web Bundled 56ms node_modules\expo-router\entry.js (1 module)
 LOG  [web] Logs will appear in the browser console
Web node_modules\expo-router\entry.js ░░░░░░░░░░░░░░░░  0.0% (0/1)
λ Bundled 50ms node_modules\expo-router\node\render.js (1 module)
Web Bundled 682ms node_modules\expo-router\entry.js (1 module)
Web node_modules\expo-router\entry.js ░░░░░░░░░░░░░░░░  0.0% (0/1)
λ Bundled 65ms node_modules\expo-router\node\render.js (1 module)
Web Bundled 790ms node_modules\expo-router\entry.js (1 module)
Web node_modules\expo-router\entry.js ░░░░░░░░░░░░░░░░  0.0% (0/1)
λ Bundled 70ms node_modules\expo-router\node\render.js (1 module)
Web Bundled 883ms node_modules\expo-router\entry.js (1 module)
Web node_modules\expo-router\entry.js ░░░░░░░░░░░░░░░░  0.0% (0/1)
Web Bundled 455ms node_modules\expo-router\entry.js (1 module)
λ Bundled 476ms node_modules\expo-router\node\render.js (1 module)
Web node_modules\expo-router\entry.js ░░░░░░░░░░░░░░░░  0.0% (0/1)
λ Bundled 646ms node_modules\expo-router\node\render.js (1 module)
Web Bundled 1677ms node_modules\expo-router\entry.js (1 module)
Web Bundled 63ms node_modules\expo-router\entry.js (1 module)
 LOG  [web] Logs will appear in the browser console
Web node_modules\expo-router\entry.js ░░░░░░░░░░░░░░░░  0.0% (0/1)
λ Bundled 100ms node_modules\expo-router\node\render.js (1 module)
Web Bundled 909ms node_modules\expo-router\entry.js (1 module)
Web Bundled 58ms node_modules\expo-router\entry.js (1 module)
 LOG  [web] Logs will appear in the browser console
λ Bundled 44ms node_modules\expo-router\node\render.js (1 module)
λ Bundled 28ms node_modules\expo-router\node\render.js (1 module)
Web Bundled 1163ms node_modules\expo-router\entry.js (1 module)
Web Bundled 913ms node_modules\expo-router\entry.js (1 module)
Web node_modules\expo-router\entry.js ░░░░░░░░░░░░░░░░  0.0% (0/1)
λ Bundled 32ms node_modules\expo-router\node\render.js (1 module)
Web Bundled 1110ms node_modules\expo-router\entry.js (1 module)
Web Bundled 52ms node_modules\expo-router\entry.js (1 module)
 LOG  [web] Logs will appear in the browser console
λ Bundled 35ms node_modules\expo-router\node\render.js (1 module)
Web Bundled 656ms node_modules\expo-router\entry.js (1 module)
Web Bundled 50ms node_modules\expo-router\entry.js (1 module)
 LOG  [web] Logs will appear in the browser console
Web node_modules\expo-router\entry.js ░░░░░░░░░░░░░░░░  0.0% (0/1)
λ Bundled 92ms node_modules\expo-router\node\render.js (1 module)
Web Bundled 686ms node_modules\expo-router\entry.js (1 module)
Web Bundled 57ms node_modules\expo-router\entry.js (1 module)
 LOG  [web] Logs will appear in the browser console
Web node_modules\expo-router\entry.js ░░░░░░░░░░░░░░░░  0.0% (0/1)
λ Bundled 59ms node_modules\expo-router\node\render.js (1 module)
Web Bundled 661ms node_modules\expo-router\entry.js (1 module)
Web node_modules\expo-router\entry.js ░░░░░░░░░░░░░░░░  0.0% (0/1)
λ Bundled 40ms node_modules\expo-router\node\render.js (1 module)
Web Bundled 1065ms node_modules\expo-router\entry.js (1 module)
Web Bundled 60ms node_modules\expo-router\entry.js (1 module)
 LOG  [web] Logs will appear in the browser console
Web node_modules\expo-router\entry.js ░░░░░░░░░░░░░░░░  0.0% (0/1)
λ Bundled 67ms node_modules\expo-router\node\render.js (1 module)
Web Bundled 1147ms node_modules\expo-router\entry.js (1 module)
Web node_modules\expo-router\entry.js ░░░░░░░░░░░░░░░░  0.0% (0/1)
λ Bundled 82ms node_modules\expo-router\node\render.js (1 module)
Web Bundled 838ms node_modules\expo-router\entry.js (1 module)
Web Bundled 55ms node_modules\expo-router\entry.js (1 module)
 LOG  [web] Logs will appear in the browser console
λ Bundled 146ms node_modules\expo-router\node\render.js (1 module)
Web Bundled 1239ms node_modules\expo-router\entry.js (1 module)
Web Bundled 52ms node_modules\expo-router\entry.js (1 module)
 LOG  [web] Logs will appear in the browser console
λ Bundled 54ms node_modules\expo-router\node\render.js (1 module)
Web Bundled 734ms node_modules\expo-router\entry.js (1 module)
Web Bundled 59ms node_modules\expo-router\entry.js (1 module)
 LOG  [web] Logs will appear in the browser console
Web node_modules\expo-router\entry.js ░░░░░░░░░░░░░░░░  0.0% (0/1)
λ Bundled 38ms node_modules\expo-router\node\render.js (1 module)
Web Bundled 532ms node_modules\expo-router\entry.js (1 module)
Web node_modules\expo-router\entry.js ░░░░░░░░░░░░░░░░  0.0% (0/1)
λ Bundled 51ms node_modules\expo-router\node\render.js (1 module)
Web Bundled 1144ms node_modules\expo-router\entry.js (1 module)
Web Bundled 69ms node_modules\expo-router\entry.js (1 module)
 LOG  [web] Logs will appear in the browser console
Web node_modules\expo-router\entry.js ░░░░░░░░░░░░░░░░  0.0% (0/1)
λ Bundled 29ms node_modules\expo-router\node\render.js (1 module)
Web Bundled 1188ms node_modules\expo-router\entry.js (1 module)
Web node_modules\expo-router\entry.js ░░░░░░░░░░░░░░░░  0.0% (0/1)
λ Bundled 197ms node_modules\expo-router\node\render.js (1 module)
λ Bundled 241ms node_modules\expo-router\node\render.js (1 module)
Web Bundled 1241ms node_modules\expo-router\entry.js (1 module)
Web Bundled 1266ms node_modules\expo-router\entry.js (1 module)
Web node_modules\expo-router\entry.js ░░░░░░░░░░░░░░░░  0.0% (0/1)
λ Bundled 105ms node_modules\expo-router\node\render.js (1 module)
Web Bundled 757ms node_modules\expo-router\entry.js (1 module)
Web Bundled 49ms node_modules\expo-router\entry.js (1 module)
λ Bundled 50ms node_modules\expo-router\node\render.js (1 module)
Web Bundled 938ms node_modules\expo-router\entry.js (1 module)
 LOG  [web] Logs will appear in the browser console
Web node_modules\expo-router\entry.js ░░░░░░░░░░░░░░░░  0.0% (0/1)
λ Bundled 47ms node_modules\expo-router\node\render.js (1 module)
Web Bundled 868ms node_modules\expo-router\entry.js (1 module)
Web Bundled 60ms node_modules\expo-router\entry.js (1 module)
λ Bundled 43ms node_modules\expo-router\node\render.js (1 module)
Web Bundled 913ms node_modules\expo-router\entry.js (1 module)
 LOG  [web] Logs will appear in the browser console
λ Bundled 31ms node_modules\expo-router\node\render.js (1 module)
Web Bundled 543ms node_modules\expo-router\entry.js (1 module)
Web Bundled 62ms node_modules\expo-router\entry.js (1 module)
 LOG  [web] Logs will appear in the browser console
Web node_modules\expo-router\entry.js ░░░░░░░░░░░░░░░░  0.0% (0/1)
λ Bundled 44ms node_modules\expo-router\node\render.js (1 module)
Web Bundled 705ms node_modules\expo-router\entry.js (1 module)
Web Bundled 52ms node_modules\expo-router\entry.js (1 module)
 LOG  [web] Logs will appear in the browser console
Web node_modules\expo-router\entry.js ░░░░░░░░░░░░░░░░  0.0% (0/1)
λ Bundled 40ms node_modules\expo-router\node\render.js (1 module)
Web Bundled 662ms node_modules\expo-router\entry.js (1 module)
Web Bundled 37ms node_modules\expo-router\entry.js (1 module)
 LOG  [web] Logs will appear in the browser console
Web node_modules\expo-router\entry.js ░░░░░░░░░░░░░░░░  0.0% (0/1)
λ Bundled 39ms node_modules\expo-router\node\render.js (1 module)
Web Bundled 1304ms node_modules\expo-router\entry.js (1 module)
Web node_modules\expo-router\entry.js ░░░░░░░░░░░░░░░░  0.0% (0/1)
λ Bundled 33ms node_modules\expo-router\node\render.js (1 module)
Web Bundled 634ms node_modules\expo-router\entry.js (1 module)
Web Bundled 45ms node_modules\expo-router\entry.js (1 module)
 LOG  [web] Logs will appear in the browser console
Web node_modules\expo-router\entry.js ░░░░░░░░░░░░░░░░  0.0% (0/1)
λ Bundled 73ms node_modules\expo-router\node\render.js (1 module)
Web Bundled 796ms node_modules\expo-router\entry.js (1 module)
Web Bundled 65ms node_modules\expo-router\entry.js (1 module)
 LOG  [web] Logs will appear in the browser console
Web node_modules\expo-router\entry.js ░░░░░░░░░░░░░░░░  0.0% (0/1)
λ Bundled 112ms node_modules\expo-router\node\render.js (1 module)
Web Bundled 872ms node_modules\expo-router\entry.js (1 module)
λ Bundled 39ms node_modules\expo-router\node\render.js (1 module)
Web node_modules\expo-router\entry.js ░░░░░░░░░░░░░░░░  0.0% (0/1)
Web Bundled 1006ms node_modules\expo-router\entry.js (1 module)
Web Bundled 54ms node_modules\expo-router\entry.js (1 module)
 LOG  [web] Logs will appear in the browser console
λ Bundled 45ms node_modules\expo-router\node\render.js (1 module)
Web Bundled 707ms node_modules\expo-router\entry.js (1 module)
Web Bundled 59ms node_modules\expo-router\entry.js (1 module)
 LOG  [web] Logs will appear in the browser console
Web node_modules\expo-router\entry.js ░░░░░░░░░░░░░░░░  0.0% (0/1)
λ Bundled 65ms node_modules\expo-router\node\render.js (1 module)
Web Bundled 594ms node_modules\expo-router\entry.js (1 module)
Web Bundled 38ms node_modules\expo-router\entry.js (1 module)
 LOG  [web] Logs will appear in the browser console
λ Bundled 30ms node_modules\expo-router\node\render.js (1 module)
Web Bundled 534ms node_modules\expo-router\entry.js (1 module)
Web Bundled 389ms node_modules\expo-router\entry.js (1 module)
 LOG  [web] Logs will appear in the browser console
Web node_modules\expo-router\entry.js ░░░░░░░░░░░░░░░░  0.0% (0/1)
λ Bundled 50ms node_modules\expo-router\node\render.js (1 module)
Web Bundled 579ms node_modules\expo-router\entry.js (1 module)
Web Bundled 52ms node_modules\expo-router\entry.js (1 module)
 LOG  [web] Logs will appear in the browser console
Web node_modules\expo-router\entry.js ░░░░░░░░░░░░░░░░  0.0% (0/1)
λ Bundled 125ms node_modules\expo-router\node\render.js (1 module)
Web Bundled 1599ms node_modules\expo-router\entry.js (1 module)
Web Bundled 55ms node_modules\expo-router\entry.js (1 module)
 LOG  [web] Logs will appear in the browser console
Web node_modules\expo-router\entry.js ░░░░░░░░░░░░░░░░  0.0% (0/1)
λ Bundled 37ms node_modules\expo-router\node\render.js (1 module)
Web Bundled 638ms node_modules\expo-router\entry.js (1 module)
Web Bundled 54ms node_modules\expo-router\entry.js (1 module)
 LOG  [web] Logs will appear in the browser console
Web node_modules\expo-router\entry.js ░░░░░░░░░░░░░░░░  0.0% (0/1)
λ Bundled 91ms node_modules\expo-router\node\render.js (1 module)
Web Bundled 809ms node_modules\expo-router\entry.js (1 module)
Web node_modules\expo-router\entry.js ░░░░░░░░░░░░░░░░  0.0% (0/1)
λ Bundled 69ms node_modules\expo-router\node\render.js (1 module)
Web Bundled 1288ms node_modules\expo-router\entry.js (1 module)
Web Bundled 43ms node_modules\expo-router\entry.js (1 module)
 LOG  [web] Logs will appear in the browser console
Web node_modules\expo-router\entry.js ░░░░░░░░░░░░░░░░  0.0% (0/1)
λ Bundled 40ms node_modules\expo-router\node\render.js (1 module)
Web Bundled 615ms node_modules\expo-router\entry.js (1 module)
Web Bundled 58ms node_modules\expo-router\entry.js (1 module)
 LOG  [web] Logs will appear in the browser console
